<?xml version="1.0" encoding="UTF-8"?>
<!-- Generated by org.testng.reporters.JUnitReportReporter -->
<testsuite skipped="0" hostname="DESKTOP-LT0H2AE" name="com.fluentexpressqa.database.JDBCWithLog4j" tests="1" failures="0" timestamp="25 Jan 2019 03:30:37 GMT" time="14.848" errors="0">
  <testcase name="getRecordsCount" time="14.848" classname="com.fluentexpressqa.database.JDBCWithLog4j"/>
</testsuite> <!-- com.fluentexpressqa.database.JDBCWithLog4j -->
