<?xml version="1.0" encoding="UTF-8"?>
<!-- Generated by org.testng.reporters.JUnitReportReporter -->
<testsuite hostname="DESKTOP-EIBCB8N" failures="0" tests="8" name="com.fluentexpressqa.runners.CukesRunner" time="48.834" errors="0" timestamp="16 Jun 2019 19:08:27 GMT" skipped="0">
  <testcase classname="com.fluentexpressqa.runners.CukesRunner" name="runScenario" time="8.251"/>
  <testcase classname="com.fluentexpressqa.runners.CukesRunner" name="runScenario" time="7.170"/>
  <testcase classname="com.fluentexpressqa.runners.CukesRunner" name="runScenario" time="5.381"/>
  <testcase classname="com.fluentexpressqa.runners.CukesRunner" name="runScenario" time="6.171"/>
  <testcase classname="com.fluentexpressqa.runners.CukesRunner" name="runScenario" time="6.192"/>
  <testcase classname="com.fluentexpressqa.runners.CukesRunner" name="runScenario" time="5.113"/>
  <testcase classname="com.fluentexpressqa.runners.CukesRunner" name="runScenario" time="5.364"/>
  <testcase classname="com.fluentexpressqa.runners.CukesRunner" name="runScenario" time="5.192"/>
</testsuite> <!-- com.fluentexpressqa.runners.CukesRunner -->
